<?xml version="1.0" encoding="UTF-8"?>
<testng-results skipped="0" failed="0" ignored="0" total="1" passed="1">
  <reporter-output>
  </reporter-output>
  <suite name="Suite" duration-ms="21534" started-at="2021-06-18T05:04:52Z" finished-at="2021-06-18T05:05:13Z">
    <groups>
    </groups>
    <test name="Test" duration-ms="21534" started-at="2021-06-18T05:04:52Z" finished-at="2021-06-18T05:05:13Z">
      <class name="test.Demo1">
        <test-method status="PASS" signature="test()[pri:0, instance:test.Demo1@675d3402]" name="test" duration-ms="21467" started-at="2021-06-18T10:34:52Z" finished-at="2021-06-18T10:35:13Z">
          <reporter-output>
          </reporter-output>
        </test-method> <!-- test -->
      </class> <!-- test.Demo1 -->
    </test> <!-- Test -->
  </suite> <!-- Suite -->
</testng-results>
